d:\gles_demo\x64\debug\vc120.pdb
d:\gles_demo\x64\debug\vc120.idb
d:\gles_demo\x64\debug\esutil.obj
d:\gles_demo\x64\debug\glm.obj
d:\gles_demo\x64\debug\camera.obj
d:\gles_demo\x64\debug\win32_main.obj
d:\gles_demo\x64\debug\main.obj
d:\gles_demo\x64\debug\triangle.obj
d:\gles_demo\x64\debug\cube.obj
d:\gles_demo\x64\debug\png.obj
d:\gles_demo\x64\debug\pngerror.obj
d:\gles_demo\x64\debug\pngget.obj
d:\gles_demo\x64\debug\pngmem.obj
d:\gles_demo\x64\debug\pngpread.obj
d:\gles_demo\x64\debug\pngread.obj
d:\gles_demo\x64\debug\pngrio.obj
d:\gles_demo\x64\debug\pngrtran.obj
d:\gles_demo\x64\debug\pngrutil.obj
d:\gles_demo\x64\debug\pngset.obj
d:\gles_demo\x64\debug\pngtrans.obj
d:\gles_demo\x64\debug\pngwio.obj
d:\gles_demo\x64\debug\pngwrite.obj
d:\gles_demo\x64\debug\pngwtran.obj
d:\gles_demo\x64\debug\pngwutil.obj
d:\gles_demo\x64\debug\adler32.obj
d:\gles_demo\x64\debug\compress.obj
d:\gles_demo\x64\debug\crc32.obj
d:\gles_demo\x64\debug\deflate.obj
d:\gles_demo\x64\debug\gzclose.obj
d:\gles_demo\x64\debug\infback.obj
d:\gles_demo\x64\debug\inffast.obj
d:\gles_demo\x64\debug\inflate.obj
d:\gles_demo\x64\debug\inftrees.obj
d:\gles_demo\x64\debug\trees.obj
d:\gles_demo\x64\debug\uncompr.obj
d:\gles_demo\x64\debug\zutil.obj
d:\gles_demo\x64\debug\gzwrite.obj
d:\gles_demo\x64\debug\gzlib.obj
d:\gles_demo\x64\debug\gzread.obj
e:\gles_demo\x64\debug\vc120.pdb
e:\gles_demo\x64\debug\vc120.idb
e:\gles_demo\x64\debug\esutil.obj
e:\gles_demo\x64\debug\glm.obj
e:\gles_demo\x64\debug\camera.obj
e:\gles_demo\x64\debug\cube.obj
e:\gles_demo\x64\debug\triangle.obj
e:\gles_demo\x64\debug\main.obj
e:\gles_demo\x64\debug\pngtrans.obj
e:\gles_demo\x64\debug\pngwio.obj
e:\gles_demo\x64\debug\pngwrite.obj
e:\gles_demo\x64\debug\pngwtran.obj
e:\gles_demo\x64\debug\pngwutil.obj
e:\gles_demo\x64\debug\adler32.obj
e:\gles_demo\x64\debug\compress.obj
e:\gles_demo\x64\debug\crc32.obj
e:\gles_demo\x64\debug\deflate.obj
e:\gles_demo\x64\debug\gzclose.obj
e:\gles_demo\x64\debug\gzlib.obj
e:\gles_demo\x64\debug\gzread.obj
e:\gles_demo\x64\debug\gzwrite.obj
e:\gles_demo\x64\debug\infback.obj
e:\gles_demo\x64\debug\inffast.obj
e:\gles_demo\x64\debug\inflate.obj
e:\gles_demo\x64\debug\inftrees.obj
e:\gles_demo\x64\debug\trees.obj
e:\gles_demo\x64\debug\uncompr.obj
e:\gles_demo\x64\debug\zutil.obj
e:\gles_demo\x64\debug\png.obj
e:\gles_demo\x64\debug\pngerror.obj
e:\gles_demo\x64\debug\pngget.obj
e:\gles_demo\x64\debug\pngmem.obj
e:\gles_demo\x64\debug\pngpread.obj
e:\gles_demo\x64\debug\pngread.obj
e:\gles_demo\x64\debug\pngrio.obj
e:\gles_demo\x64\debug\pngrtran.obj
e:\gles_demo\x64\debug\pngrutil.obj
e:\gles_demo\x64\debug\pngset.obj
e:\gles_demo\x64\debug\device.obj
e:\gles_demo\x64\debug\label.obj
e:\gles_demo\x64\debug\texture.obj
d:\gles_demo\x64\debug\gles_demo.ilk
d:\gles_demo\x64\debug\gles_demo.exe
d:\gles_demo\x64\debug\gles_demo.pdb
e:\gles_demo\x64\debug\win32_main.obj
e:\gles_demo\x64\debug\gles_demo.pdb
e:\gles_demo\x64\debug\gles_demo.tlog\cl.command.1.tlog
e:\gles_demo\x64\debug\gles_demo.tlog\cl.read.1.tlog
e:\gles_demo\x64\debug\gles_demo.tlog\cl.write.1.tlog
e:\gles_demo\x64\debug\gles_demo.tlog\link-cvtres.read.1.tlog
e:\gles_demo\x64\debug\gles_demo.tlog\link-cvtres.write.1.tlog
e:\gles_demo\x64\debug\gles_demo.tlog\link-rc.read.1.tlog
e:\gles_demo\x64\debug\gles_demo.tlog\link-rc.write.1.tlog
e:\gles_demo\x64\debug\gles_demo.tlog\link.command.1.tlog
e:\gles_demo\x64\debug\gles_demo.tlog\link.read.1.tlog
e:\gles_demo\x64\debug\gles_demo.tlog\link.write.1.tlog
